{"C:\\Users\\quier\\Desktop\\DENEDIG\\Semana_4\\Miercoles\\app.js": {"path":"C:\\Users\\quier\\Desktop\\DENEDIG\\Semana_4\\Miercoles\\app.js","statementMap":{"0":{"start":{"line":1,"column":16},"end":{"line":1,"column":34}},"1":{"start":{"line":2,"column":12},"end":{"line":2,"column":21}},"2":{"start":{"line":3,"column":15},"end":{"line":3,"column":34}},"3":{"start":{"line":5,"column":0},"end":{"line":5,"column":24}},"4":{"start":{"line":6,"column":0},"end":{"line":6,"column":21}},"5":{"start":{"line":9,"column":0},"end":{"line":12,"column":3}},"6":{"start":{"line":10,"column":2},"end":{"line":10,"column":27}},"7":{"start":{"line":11,"column":2},"end":{"line":11,"column":65}},"8":{"start":{"line":14,"column":0},"end":{"line":14,"column":21}}},"fnMap":{"0":{"name":"(anonymous_0)","decl":{"start":{"line":9,"column":8},"end":{"line":9,"column":9}},"loc":{"start":{"line":9,"column":33},"end":{"line":12,"column":1}},"line":9}},"branchMap":{},"s":{"0":1,"1":1,"2":1,"3":1,"4":1,"5":1,"6":0,"7":0,"8":1},"f":{"0":0},"b":{},"_coverageSchema":"1a1c01bbd47fc00a2c39e90264f33305004495a9","hash":"658358f40afb968c404eb9fa3a6c57de77b312b6"}
,"C:\\Users\\quier\\Desktop\\DENEDIG\\Semana_4\\Miercoles\\routes.js": {"path":"C:\\Users\\quier\\Desktop\\DENEDIG\\Semana_4\\Miercoles\\routes.js","statementMap":{"0":{"start":{"line":1,"column":16},"end":{"line":1,"column":34}},"1":{"start":{"line":2,"column":15},"end":{"line":2,"column":31}},"2":{"start":{"line":4,"column":12},"end":{"line":4,"column":39}},"3":{"start":{"line":7,"column":0},"end":{"line":13,"column":3}},"4":{"start":{"line":8,"column":2},"end":{"line":12,"column":3}},"5":{"start":{"line":9,"column":4},"end":{"line":9,"column":32}},"6":{"start":{"line":11,"column":4},"end":{"line":11,"column":14}},"7":{"start":{"line":16,"column":0},"end":{"line":29,"column":3}},"8":{"start":{"line":17,"column":2},"end":{"line":28,"column":3}},"9":{"start":{"line":18,"column":21},"end":{"line":18,"column":29}},"10":{"start":{"line":19,"column":4},"end":{"line":21,"column":5}},"11":{"start":{"line":20,"column":6},"end":{"line":20,"column":80}},"12":{"start":{"line":23,"column":20},"end":{"line":23,"column":50}},"13":{"start":{"line":24,"column":4},"end":{"line":24,"column":24}},"14":{"start":{"line":25,"column":4},"end":{"line":25,"column":34}},"15":{"start":{"line":27,"column":4},"end":{"line":27,"column":14}},"16":{"start":{"line":32,"column":0},"end":{"line":51,"column":3}},"17":{"start":{"line":33,"column":2},"end":{"line":50,"column":3}},"18":{"start":{"line":34,"column":15},"end":{"line":34,"column":38}},"19":{"start":{"line":35,"column":21},"end":{"line":35,"column":29}},"20":{"start":{"line":37,"column":4},"end":{"line":39,"column":5}},"21":{"start":{"line":38,"column":6},"end":{"line":38,"column":80}},"22":{"start":{"line":41,"column":17},"end":{"line":41,"column":45}},"23":{"start":{"line":41,"column":33},"end":{"line":41,"column":44}},"24":{"start":{"line":42,"column":4},"end":{"line":44,"column":5}},"25":{"start":{"line":43,"column":6},"end":{"line":43,"column":68}},"26":{"start":{"line":46,"column":4},"end":{"line":46,"column":21}},"27":{"start":{"line":47,"column":4},"end":{"line":47,"column":31}},"28":{"start":{"line":49,"column":4},"end":{"line":49,"column":14}},"29":{"start":{"line":54,"column":0},"end":{"line":68,"column":3}},"30":{"start":{"line":55,"column":2},"end":{"line":67,"column":3}},"31":{"start":{"line":56,"column":15},"end":{"line":56,"column":38}},"32":{"start":{"line":57,"column":18},"end":{"line":57,"column":51}},"33":{"start":{"line":57,"column":39},"end":{"line":57,"column":50}},"34":{"start":{"line":59,"column":4},"end":{"line":61,"column":5}},"35":{"start":{"line":60,"column":6},"end":{"line":60,"column":68}},"36":{"start":{"line":63,"column":4},"end":{"line":63,"column":27}},"37":{"start":{"line":64,"column":4},"end":{"line":64,"column":27}},"38":{"start":{"line":66,"column":4},"end":{"line":66,"column":14}},"39":{"start":{"line":70,"column":0},"end":{"line":70,"column":24}}},"fnMap":{"0":{"name":"(anonymous_0)","decl":{"start":{"line":7,"column":21},"end":{"line":7,"column":22}},"loc":{"start":{"line":7,"column":41},"end":{"line":13,"column":1}},"line":7},"1":{"name":"(anonymous_1)","decl":{"start":{"line":16,"column":22},"end":{"line":16,"column":23}},"loc":{"start":{"line":16,"column":42},"end":{"line":29,"column":1}},"line":16},"2":{"name":"(anonymous_2)","decl":{"start":{"line":32,"column":25},"end":{"line":32,"column":26}},"loc":{"start":{"line":32,"column":45},"end":{"line":51,"column":1}},"line":32},"3":{"name":"(anonymous_3)","decl":{"start":{"line":41,"column":28},"end":{"line":41,"column":29}},"loc":{"start":{"line":41,"column":33},"end":{"line":41,"column":44}},"line":41},"4":{"name":"(anonymous_4)","decl":{"start":{"line":54,"column":28},"end":{"line":54,"column":29}},"loc":{"start":{"line":54,"column":48},"end":{"line":68,"column":1}},"line":54},"5":{"name":"(anonymous_5)","decl":{"start":{"line":57,"column":34},"end":{"line":57,"column":35}},"loc":{"start":{"line":57,"column":39},"end":{"line":57,"column":50}},"line":57}},"branchMap":{"0":{"loc":{"start":{"line":19,"column":4},"end":{"line":21,"column":5}},"type":"if","locations":[{"start":{"line":19,"column":4},"end":{"line":21,"column":5}},{"start":{},"end":{}}],"line":19},"1":{"loc":{"start":{"line":37,"column":4},"end":{"line":39,"column":5}},"type":"if","locations":[{"start":{"line":37,"column":4},"end":{"line":39,"column":5}},{"start":{},"end":{}}],"line":37},"2":{"loc":{"start":{"line":42,"column":4},"end":{"line":44,"column":5}},"type":"if","locations":[{"start":{"line":42,"column":4},"end":{"line":44,"column":5}},{"start":{},"end":{}}],"line":42},"3":{"loc":{"start":{"line":59,"column":4},"end":{"line":61,"column":5}},"type":"if","locations":[{"start":{"line":59,"column":4},"end":{"line":61,"column":5}},{"start":{},"end":{}}],"line":59}},"s":{"0":1,"1":1,"2":1,"3":1,"4":1,"5":1,"6":0,"7":1,"8":2,"9":2,"10":2,"11":1,"12":1,"13":1,"14":1,"15":0,"16":1,"17":2,"18":2,"19":2,"20":2,"21":0,"22":2,"23":3,"24":2,"25":1,"26":1,"27":1,"28":0,"29":1,"30":1,"31":1,"32":1,"33":1,"34":1,"35":0,"36":1,"37":1,"38":0,"39":1},"f":{"0":1,"1":2,"2":2,"3":3,"4":1,"5":1},"b":{"0":[1,1],"1":[0,2],"2":[1,1],"3":[0,1]},"_coverageSchema":"1a1c01bbd47fc00a2c39e90264f33305004495a9","hash":"da701244a349789cf119c9d637a62d175e8fefb1"}
}
